<?xml version="1.0" encoding="UTF-8"?>
<testng-results ignored="0" total="1" passed="1" failed="0" skipped="0">
  <reporter-output>
  </reporter-output>
  <suite started-at="2023-06-07T21:44:32 EDT" name="Default suite" finished-at="2023-06-07T21:44:58 EDT" duration-ms="25102">
    <groups>
    </groups>
    <test started-at="2023-06-07T21:44:32 EDT" name="Default test" finished-at="2023-06-07T21:44:58 EDT" duration-ms="25102">
      <class name="craftsoftware.HomePage">
        <test-method is-config="true" signature="setup()[pri:0, instance:craftsoftware.HomePage@4d5d943d]" started-at="2023-06-07T21:44:32 EDT" name="setup" finished-at="2023-06-07T21:44:39 EDT" duration-ms="6430" status="PASS">
          <reporter-output>
          </reporter-output>
        </test-method> <!-- setup -->
        <test-method signature="endToEndTest()[pri:0, instance:craftsoftware.HomePage@4d5d943d]" started-at="2023-06-07T21:44:39 EDT" name="endToEndTest" finished-at="2023-06-07T21:44:57 EDT" duration-ms="18457" status="PASS">
          <reporter-output>
          </reporter-output>
        </test-method> <!-- endToEndTest -->
        <test-method is-config="true" signature="tearDown()[pri:0, instance:craftsoftware.HomePage@4d5d943d]" started-at="2023-06-07T21:44:57 EDT" name="tearDown" finished-at="2023-06-07T21:44:58 EDT" duration-ms="169" status="PASS">
          <reporter-output>
          </reporter-output>
        </test-method> <!-- tearDown -->
      </class> <!-- craftsoftware.HomePage -->
    </test> <!-- Default test -->
  </suite> <!-- Default suite -->
</testng-results>
